<?xml version="1.0" encoding="UTF-8"?>
<!-- Generated by org.testng.reporters.JUnitReportReporter -->
<testsuite hostname="LAPTOP-ELT6AP9J" failures="0" tests="1" name="runner.TestRunner" time="22.480" errors="0" timestamp="2021-04-18T17:45:03 IST" skipped="0">
  <testcase classname="runner.TestRunner" name="feature" time="22.480"/>
  <system-out/>
</testsuite> <!-- runner.TestRunner -->
