<?xml version="1.0" encoding="UTF-8"?>
<!-- Generated by org.testng.reporters.JUnitReportReporter -->
<testsuite hostname="LAPTOP-ELT6AP9J" failures="0" tests="1" name="runner.TestRunner" time="19.944" errors="0" timestamp="2021-04-18T11:44:11 IST" skipped="0">
  <testcase classname="runner.TestRunner" name="feature" time="19.944"/>
  <system-out/>
</testsuite> <!-- runner.TestRunner -->
